<?xml version="1.0" encoding="UTF-8"?>
<!-- Generated by org.testng.reporters.JUnitReportReporter -->
<testsuite hostname="PraveenPJ" failures="0" tests="3" name="DMSApplication.Test.LoginApplication" time="32.208" errors="0" timestamp="2023-12-09T15:19:17 IST" skipped="0">
  <testcase classname="DMSApplication.Test.LoginApplication" name="DMS_Login" time="13.421"/>
  <system-out/>
  <testcase classname="DMSApplication.Test.LoginApplication" name="DMS_Login" time="9.839"/>
  <system-out/>
  <testcase classname="DMSApplication.Test.LoginApplication" name="DMS_Login" time="8.948"/>
  <system-out/>
</testsuite> <!-- DMSApplication.Test.LoginApplication -->
