<?xml version="1.0" encoding="UTF-8"?>
<!-- Generated by org.testng.reporters.JUnitReportReporter -->
<testsuite hostname="PraveenPJ" failures="0" tests="1" name="DMSApplication.Test.ApplicationFlow" time="14.114" errors="0" timestamp="2023-12-07T00:04:00 IST" skipped="0">
  <testcase classname="DMSApplication.Test.ApplicationFlow" name="DMS_Login" time="14.114"/>
  <system-out/>
</testsuite> <!-- DMSApplication.Test.ApplicationFlow -->
